<?xml version="1.0" encoding="UTF-8"?>
<!-- Generated by org.testng.reporters.JUnitReportReporter -->
<testsuite hostname="DESKTOP-IGTDMP4" name="com.testcase.banjitestcase" tests="1" failures="0" timestamp="14 Mar 2019 07:06:07 GMT" time="14.414" errors="0">
  <testcase name="banji" time="14.414" classname="com.testcase.banjitestcase"/>
</testsuite> <!-- com.testcase.banjitestcase -->
