<?xml version="1.0" encoding="UTF-8"?>
<!-- Generated by org.testng.reporters.JUnitReportReporter -->
<testsuite hostname="DESKTOP-IGTDMP4" name="com.testcase.logintestcase" tests="1" failures="0" timestamp="7 Mar 2019 02:01:15 GMT" time="8.368" errors="0">
  <testcase name="login" time="8.368" classname="com.testcase.logintestcase"/>
</testsuite> <!-- com.testcase.logintestcase -->
