<?xml version="1.0" encoding="UTF-8"?>
<!-- Generated by org.testng.reporters.JUnitReportReporter -->
<testsuite hostname="DESKTOP-IGTDMP4" name="selenium1.sss" tests="1" failures="0" timestamp="6 Mar 2019 07:00:45 GMT" time="6.830" errors="0">
  <testcase name="login1" time="6.830" classname="selenium1.sss"/>
</testsuite> <!-- selenium1.sss -->
