<?xml version="1.0" encoding="UTF-8"?>
<!-- Generated by org.testng.reporters.JUnitReportReporter -->
<testsuite hostname="DESKTOP-IGTDMP4" name="com.testcase.logintestcase" tests="1" failures="0" timestamp="14 Mar 2019 07:07:09 GMT" time="8.546" errors="0">
  <testcase name="login" time="8.546" classname="com.testcase.logintestcase"/>
</testsuite> <!-- com.testcase.logintestcase -->
