<?xml version="1.0" encoding="UTF-8"?>
<!-- Generated by org.testng.reporters.JUnitReportReporter -->
<testsuite hostname="DESKTOP-IGTDMP4" name="com.page.qqqpage" tests="1" failures="0" timestamp="7 Mar 2019 00:05:49 GMT" time="6.575" errors="0">
  <testcase name="login" time="6.575" classname="com.page.qqqpage"/>
</testsuite> <!-- com.page.qqqpage -->
